[30-Oct-2024 20:16:39 UTC] PHP Deprecated:  Function print_emoji_styles is <strong>deprecated</strong> since version 6.4.0! Use wp_enqueue_emoji_styles instead. in C:\OSPanel\domains\lesson-manager\wp-includes\functions.php on line 6085
[30-Oct-2024 20:19:11 UTC] PHP Notice:  Undefined index: editor_post_id in C:\OSPanel\domains\lesson-manager\wp-content\plugins\elementor\modules\history\revisions-manager.php on line 363
[30-Oct-2024 20:35:43 UTC] PHP Notice:  Undefined index: tags in C:\OSPanel\domains\lesson-manager\wp-content\plugins\elementor\core\page-assets\data-managers\font-icon-svg\font-awesome.php on line 45
[30-Oct-2024 20:35:43 UTC] PHP Notice:  Trying to access array offset on value of type null in C:\OSPanel\domains\lesson-manager\wp-content\plugins\elementor\core\page-assets\data-managers\font-icon-svg\font-awesome.php on line 48
[30-Oct-2024 20:35:43 UTC] PHP Notice:  Trying to access array offset on value of type null in C:\OSPanel\domains\lesson-manager\wp-content\plugins\elementor\core\page-assets\data-managers\font-icon-svg\font-awesome.php on line 49
[30-Oct-2024 20:35:43 UTC] PHP Notice:  Trying to access array offset on value of type null in C:\OSPanel\domains\lesson-manager\wp-content\plugins\elementor\core\page-assets\data-managers\font-icon-svg\font-awesome.php on line 50
[30-Oct-2024 20:37:59 UTC] PHP Notice:  Undefined index: editor_post_id in C:\OSPanel\domains\lesson-manager\wp-content\plugins\elementor-pro\modules\theme-builder\classes\conditions-manager.php on line 179
[30-Oct-2024 20:56:32 UTC] PHP Notice:  Undefined index: editor_post_id in C:\OSPanel\domains\lesson-manager\wp-content\plugins\elementor-pro\modules\theme-builder\classes\conditions-manager.php on line 179
[31-Oct-2024 09:23:07 UTC] Automatic updates starting...
[31-Oct-2024 09:23:08 UTC]   Automatic plugin updates starting...
[31-Oct-2024 09:23:08 UTC]   Automatic plugin updates complete.
[31-Oct-2024 09:23:09 UTC] Automatic updates complete.
[31-Oct-2024 09:33:29 UTC] PHP Notice:  Trying to get property 'title' of non-object in C:\OSPanel\domains\lesson-manager\wp-includes\class-wp-customize-widgets.php on line 905
[31-Oct-2024 09:42:08 UTC] PHP Notice:  Undefined index: editor_post_id in C:\OSPanel\domains\lesson-manager\wp-content\plugins\elementor-pro\modules\theme-builder\classes\conditions-manager.php on line 179
[31-Oct-2024 13:12:37 UTC] PHP Notice:  Trying to get property 'title' of non-object in C:\OSPanel\domains\lesson-manager\wp-includes\class-wp-customize-widgets.php on line 905
[31-Oct-2024 13:22:16 UTC] PHP Deprecated:  Function print_emoji_styles is <strong>deprecated</strong> since version 6.4.0! Use wp_enqueue_emoji_styles instead. in C:\OSPanel\domains\lesson-manager\wp-includes\functions.php on line 6085
[31-Oct-2024 14:17:09 UTC] PHP Notice:  Trying to get property 'title' of non-object in C:\OSPanel\domains\lesson-manager\wp-includes\class-wp-customize-widgets.php on line 905
[31-Oct-2024 14:54:49 UTC] PHP Notice:  Trying to get property 'title' of non-object in C:\OSPanel\domains\lesson-manager\wp-includes\class-wp-customize-widgets.php on line 905
[31-Oct-2024 14:55:53 UTC] PHP Notice:  Trying to get property 'ID' of non-object in C:\OSPanel\domains\lesson-manager\wp-content\themes\hello-elementor-child\functions.php on line 27
[31-Oct-2024 14:55:53 UTC] PHP Notice:  Trying to get property 'ID' of non-object in C:\OSPanel\domains\lesson-manager\wp-content\themes\hello-elementor-child\functions.php on line 33
[31-Oct-2024 15:40:31 UTC] PHP Notice:  Undefined index: editor_post_id in C:\OSPanel\domains\lesson-manager\wp-content\plugins\elementor-pro\modules\theme-builder\classes\conditions-manager.php on line 179
